2014-06-17 21:13:32,476 [FileSystemWatcher: files=#210 cl=groovy.lang.GroovyClassLoader@1c14294] ERROR StackTrace  - Full Stack Trace:
BUG! exception in phase 'canonicalization' in source unit 'script14030072122782170405.groovy' unexpected NullpointerException
	at org.codehaus.groovy.control.CompilationUnit.applyToPrimaryClassNodes(CompilationUnit.java:1041)
	at org.codehaus.groovy.control.CompilationUnit.doPhaseOperation(CompilationUnit.java:572)
	at org.codehaus.groovy.control.CompilationUnit.processPhaseOperations(CompilationUnit.java:550)
	at org.codehaus.groovy.control.CompilationUnit.compile(CompilationUnit.java:527)
	at groovy.lang.GroovyClassLoader.doParseClass(GroovyClassLoader.java:279)
	at groovy.lang.GroovyClassLoader.parseClass(GroovyClassLoader.java:258)
	at groovy.lang.GroovyClassLoader.parseClass(GroovyClassLoader.java:244)
	at groovy.lang.GroovyClassLoader.parseClass(GroovyClassLoader.java:202)
	at groovy.lang.GroovyClassLoader.parseClass(GroovyClassLoader.java:212)
	at groovy.lang.GroovyClassLoader$parseClass$0.call(Unknown Source)
	at ScaffoldingGrailsPlugin.createScaffoldedInstance(ScaffoldingGrailsPlugin.groovy:183)
	at ScaffoldingGrailsPlugin.this$2$createScaffoldedInstance(ScaffoldingGrailsPlugin.groovy)
	at ScaffoldingGrailsPlugin$this$2$createScaffoldedInstance$2.callCurrent(Unknown Source)
	at ScaffoldingGrailsPlugin.configureScaffoldingController(ScaffoldingGrailsPlugin.groovy:138)
	at ScaffoldingGrailsPlugin.this$2$configureScaffoldingController(ScaffoldingGrailsPlugin.groovy)
	at sun.reflect.NativeMethodAccessorImpl.invoke0(Native Method)
	at sun.reflect.NativeMethodAccessorImpl.invoke(NativeMethodAccessorImpl.java:57)
	at sun.reflect.DelegatingMethodAccessorImpl.invoke(DelegatingMethodAccessorImpl.java:43)
	at java.lang.reflect.Method.invoke(Method.java:606)
	at org.springsource.loaded.ri.OriginalClassInvoker.invoke(OriginalClassInvoker.java:47)
	at org.springsource.loaded.ri.ReflectiveInterceptor.jlrMethodInvoke(ReflectiveInterceptor.java:1283)
	at org.codehaus.groovy.reflection.CachedMethod.invoke(CachedMethod.java:90)
	at groovy.lang.MetaMethod.doMethodInvoke(MetaMethod.java:233)
	at groovy.lang.MetaClassImpl.invokeMethod(MetaClassImpl.java:1086)
	at groovy.lang.ExpandoMetaClass.invokeMethod(ExpandoMetaClass.java:1110)
	at groovy.lang.MetaClassImpl.invokeMethod(MetaClassImpl.java:910)
	at groovy.lang.MetaClassImpl.invokeMethod(MetaClassImpl.java:1031)
	at groovy.lang.ExpandoMetaClass.invokeMethod(ExpandoMetaClass.java:1110)
	at groovy.lang.MetaClassImpl.invokeMethod(MetaClassImpl.java:910)
	at org.codehaus.groovy.runtime.callsite.PogoMetaClassSite.callCurrent(PogoMetaClassSite.java:66)
	at org.codehaus.groovy.runtime.callsite.AbstractCallSite.callCurrent(AbstractCallSite.java:149)
	at ScaffoldingGrailsPlugin$_closure3.doCall(ScaffoldingGrailsPlugin.groovy:104)
	at sun.reflect.NativeMethodAccessorImpl.invoke0(Native Method)
	at sun.reflect.NativeMethodAccessorImpl.invoke(NativeMethodAccessorImpl.java:57)
	at sun.reflect.DelegatingMethodAccessorImpl.invoke(DelegatingMethodAccessorImpl.java:43)
	at java.lang.reflect.Method.invoke(Method.java:606)
	at org.springsource.loaded.ri.OriginalClassInvoker.invoke(OriginalClassInvoker.java:47)
	at org.springsource.loaded.ri.ReflectiveInterceptor.jlrMethodInvoke(ReflectiveInterceptor.java:1283)
	at org.codehaus.groovy.reflection.CachedMethod.invoke(CachedMethod.java:90)
	at groovy.lang.MetaMethod.doMethodInvoke(MetaMethod.java:233)
	at groovy.lang.MetaClassImpl.invokeMethod(MetaClassImpl.java:1086)
	at groovy.lang.ExpandoMetaClass.invokeMethod(ExpandoMetaClass.java:1110)
	at groovy.lang.MetaClassImpl.invokeMethod(MetaClassImpl.java:910)
	at groovy.lang.Closure.call(Closure.java:411)
	at ScaffoldingGrailsPlugin$_closure3.call(ScaffoldingGrailsPlugin.groovy)
	at org.codehaus.groovy.grails.plugins.DefaultGrailsPlugin.invokeOnChangeListener(DefaultGrailsPlugin.java:767)
	at org.codehaus.groovy.grails.plugins.DefaultGrailsPlugin.notifyOfEvent(DefaultGrailsPlugin.java:716)
	at org.codehaus.groovy.grails.plugins.DefaultGrailsPluginManager.informObservers(DefaultGrailsPluginManager.java:243)
	at org.codehaus.groovy.grails.plugins.DefaultGrailsPlugin.notifyOfEvent(DefaultGrailsPlugin.java:732)
	at org.codehaus.groovy.grails.plugins.AbstractGrailsPluginManager.informOfClassChange(AbstractGrailsPluginManager.java:409)
	at org.codehaus.groovy.grails.compiler.GrailsProjectWatcher$2.run(GrailsProjectWatcher.java:263)
	at org.codehaus.groovy.grails.compiler.GrailsProjectWatcher.firePendingClassChangeEvents(GrailsProjectWatcher.java:124)
	at org.codehaus.groovy.grails.cli.agent.GrailsPluginManagerReloadPlugin.reloadEvent(GrailsPluginManagerReloadPlugin.java:42)
	at org.springsource.loaded.TypeRegistry.fireReloadEvent(TypeRegistry.java:1664)
	at org.springsource.loaded.ReloadableType.loadNewVersion(ReloadableType.java:397)
	at org.springsource.loaded.TypeRegistry.loadNewVersion(TypeRegistry.java:828)
	at org.springsource.loaded.agent.ReloadableFileChangeListener.fileChanged(ReloadableFileChangeListener.java:51)
	at org.springsource.loaded.agent.Watcher.determineChangesSince(FileSystemWatcher.java:235)
	at org.springsource.loaded.agent.Watcher.run(FileSystemWatcher.java:219)
	at java.lang.Thread.run(Thread.java:745)
Caused by: java.lang.NullPointerException
	at org.springsource.loaded.ri.ReflectiveInterceptor.jlrMethodGetParameterAnnotations(ReflectiveInterceptor.java:944)
	at org.codehaus.groovy.vmplugin.v5.Java5.configureClassNode(Java5.java:357)
	at org.codehaus.groovy.ast.ClassNode.lazyClassInit(ClassNode.java:258)
	at org.codehaus.groovy.ast.ClassNode.getUnresolvedSuperClass(ClassNode.java:973)
	at org.codehaus.groovy.ast.ClassNode.getUnresolvedSuperClass(ClassNode.java:968)
	at org.codehaus.groovy.ast.ClassNode.getSuperClass(ClassNode.java:962)
	at org.codehaus.groovy.ast.ClassNode.isDerivedFrom(ClassNode.java:905)
	at org.codehaus.groovy.grails.compiler.web.ControllerActionTransformer.isExceptionHandlingMethod(ControllerActionTransformer.java:213)
	at org.codehaus.groovy.grails.compiler.web.ControllerActionTransformer.methodShouldBeConfiguredAsControllerAction(ControllerActionTransformer.java:279)
	at org.codehaus.groovy.grails.compiler.web.ControllerActionTransformer.processMethods(ControllerActionTransformer.java:224)
	at org.codehaus.groovy.grails.compiler.web.ControllerActionTransformer.performInjectionOnAnnotatedClass(ControllerActionTransformer.java:196)
	at org.codehaus.groovy.grails.compiler.injection.AbstractArtefactTypeAstTransformation.performInjectionOnArtefactType(AbstractArtefactTypeAstTransformation.java:46)
	at org.codehaus.groovy.grails.compiler.injection.NamedArtefactTypeAstTransformation.visit(NamedArtefactTypeAstTransformation.java:41)
	at org.codehaus.groovy.transform.ASTTransformation$visit.call(Unknown Source)
	at org.codehaus.groovy.control.customizers.ASTTransformationCustomizer.call(ASTTransformationCustomizer.groovy:235)
	at org.codehaus.groovy.control.CompilationUnit.applyToPrimaryClassNodes(CompilationUnit.java:1036)
	... 59 more
2014-06-17 21:13:32,481 [FileSystemWatcher: files=#210 cl=groovy.lang.GroovyClassLoader@1c14294] ERROR StackTrace  - Full Stack Trace:
java.lang.NullPointerException
	at org.springsource.loaded.ri.ReflectiveInterceptor.jlrMethodGetParameterAnnotations(ReflectiveInterceptor.java:944)
	at org.codehaus.groovy.vmplugin.v5.Java5.configureClassNode(Java5.java:357)
	at org.codehaus.groovy.ast.ClassNode.lazyClassInit(ClassNode.java:258)
	at org.codehaus.groovy.ast.ClassNode.getUnresolvedSuperClass(ClassNode.java:973)
	at org.codehaus.groovy.ast.ClassNode.getUnresolvedSuperClass(ClassNode.java:968)
	at org.codehaus.groovy.ast.ClassNode.getSuperClass(ClassNode.java:962)
	at org.codehaus.groovy.ast.ClassNode.isDerivedFrom(ClassNode.java:905)
	at org.codehaus.groovy.grails.compiler.web.ControllerActionTransformer.isExceptionHandlingMethod(ControllerActionTransformer.java:213)
	at org.codehaus.groovy.grails.compiler.web.ControllerActionTransformer.methodShouldBeConfiguredAsControllerAction(ControllerActionTransformer.java:279)
	at org.codehaus.groovy.grails.compiler.web.ControllerActionTransformer.processMethods(ControllerActionTransformer.java:224)
	at org.codehaus.groovy.grails.compiler.web.ControllerActionTransformer.performInjectionOnAnnotatedClass(ControllerActionTransformer.java:196)
	at org.codehaus.groovy.grails.compiler.injection.AbstractArtefactTypeAstTransformation.performInjectionOnArtefactType(AbstractArtefactTypeAstTransformation.java:46)
	at org.codehaus.groovy.grails.compiler.injection.NamedArtefactTypeAstTransformation.visit(NamedArtefactTypeAstTransformation.java:41)
	at org.codehaus.groovy.transform.ASTTransformation$visit.call(Unknown Source)
	at org.codehaus.groovy.control.customizers.ASTTransformationCustomizer.call(ASTTransformationCustomizer.groovy:235)
	at org.codehaus.groovy.control.CompilationUnit.applyToPrimaryClassNodes(CompilationUnit.java:1036)
	at org.codehaus.groovy.control.CompilationUnit.doPhaseOperation(CompilationUnit.java:572)
	at org.codehaus.groovy.control.CompilationUnit.processPhaseOperations(CompilationUnit.java:550)
	at org.codehaus.groovy.control.CompilationUnit.compile(CompilationUnit.java:527)
	at groovy.lang.GroovyClassLoader.doParseClass(GroovyClassLoader.java:279)
	at groovy.lang.GroovyClassLoader.parseClass(GroovyClassLoader.java:258)
	at groovy.lang.GroovyClassLoader.parseClass(GroovyClassLoader.java:244)
	at groovy.lang.GroovyClassLoader.parseClass(GroovyClassLoader.java:202)
	at groovy.lang.GroovyClassLoader.parseClass(GroovyClassLoader.java:212)
	at groovy.lang.GroovyClassLoader$parseClass$0.call(Unknown Source)
	at ScaffoldingGrailsPlugin.createScaffoldedInstance(ScaffoldingGrailsPlugin.groovy:183)
	at ScaffoldingGrailsPlugin.this$2$createScaffoldedInstance(ScaffoldingGrailsPlugin.groovy)
	at ScaffoldingGrailsPlugin$this$2$createScaffoldedInstance$2.callCurrent(Unknown Source)
	at ScaffoldingGrailsPlugin.configureScaffoldingController(ScaffoldingGrailsPlugin.groovy:138)
	at ScaffoldingGrailsPlugin.this$2$configureScaffoldingController(ScaffoldingGrailsPlugin.groovy)
	at sun.reflect.NativeMethodAccessorImpl.invoke0(Native Method)
	at sun.reflect.NativeMethodAccessorImpl.invoke(NativeMethodAccessorImpl.java:57)
	at sun.reflect.DelegatingMethodAccessorImpl.invoke(DelegatingMethodAccessorImpl.java:43)
	at java.lang.reflect.Method.invoke(Method.java:606)
	at org.springsource.loaded.ri.OriginalClassInvoker.invoke(OriginalClassInvoker.java:47)
	at org.springsource.loaded.ri.ReflectiveInterceptor.jlrMethodInvoke(ReflectiveInterceptor.java:1283)
	at org.codehaus.groovy.reflection.CachedMethod.invoke(CachedMethod.java:90)
	at groovy.lang.MetaMethod.doMethodInvoke(MetaMethod.java:233)
	at groovy.lang.MetaClassImpl.invokeMethod(MetaClassImpl.java:1086)
	at groovy.lang.ExpandoMetaClass.invokeMethod(ExpandoMetaClass.java:1110)
	at groovy.lang.MetaClassImpl.invokeMethod(MetaClassImpl.java:910)
	at groovy.lang.MetaClassImpl.invokeMethod(MetaClassImpl.java:1031)
	at groovy.lang.ExpandoMetaClass.invokeMethod(ExpandoMetaClass.java:1110)
	at groovy.lang.MetaClassImpl.invokeMethod(MetaClassImpl.java:910)
	at org.codehaus.groovy.runtime.callsite.PogoMetaClassSite.callCurrent(PogoMetaClassSite.java:66)
	at org.codehaus.groovy.runtime.callsite.AbstractCallSite.callCurrent(AbstractCallSite.java:149)
	at ScaffoldingGrailsPlugin$_closure3.doCall(ScaffoldingGrailsPlugin.groovy:104)
	at sun.reflect.NativeMethodAccessorImpl.invoke0(Native Method)
	at sun.reflect.NativeMethodAccessorImpl.invoke(NativeMethodAccessorImpl.java:57)
	at sun.reflect.DelegatingMethodAccessorImpl.invoke(DelegatingMethodAccessorImpl.java:43)
	at java.lang.reflect.Method.invoke(Method.java:606)
	at org.springsource.loaded.ri.OriginalClassInvoker.invoke(OriginalClassInvoker.java:47)
	at org.springsource.loaded.ri.ReflectiveInterceptor.jlrMethodInvoke(ReflectiveInterceptor.java:1283)
	at org.codehaus.groovy.reflection.CachedMethod.invoke(CachedMethod.java:90)
	at groovy.lang.MetaMethod.doMethodInvoke(MetaMethod.java:233)
	at groovy.lang.MetaClassImpl.invokeMethod(MetaClassImpl.java:1086)
	at groovy.lang.ExpandoMetaClass.invokeMethod(ExpandoMetaClass.java:1110)
	at groovy.lang.MetaClassImpl.invokeMethod(MetaClassImpl.java:910)
	at groovy.lang.Closure.call(Closure.java:411)
	at ScaffoldingGrailsPlugin$_closure3.call(ScaffoldingGrailsPlugin.groovy)
	at org.codehaus.groovy.grails.plugins.DefaultGrailsPlugin.invokeOnChangeListener(DefaultGrailsPlugin.java:767)
	at org.codehaus.groovy.grails.plugins.DefaultGrailsPlugin.notifyOfEvent(DefaultGrailsPlugin.java:716)
	at org.codehaus.groovy.grails.plugins.DefaultGrailsPluginManager.informObservers(DefaultGrailsPluginManager.java:243)
	at org.codehaus.groovy.grails.plugins.DefaultGrailsPlugin.notifyOfEvent(DefaultGrailsPlugin.java:732)
	at org.codehaus.groovy.grails.plugins.AbstractGrailsPluginManager.informOfClassChange(AbstractGrailsPluginManager.java:409)
	at org.codehaus.groovy.grails.compiler.GrailsProjectWatcher$2.run(GrailsProjectWatcher.java:263)
	at org.codehaus.groovy.grails.compiler.GrailsProjectWatcher.firePendingClassChangeEvents(GrailsProjectWatcher.java:124)
	at org.codehaus.groovy.grails.cli.agent.GrailsPluginManagerReloadPlugin.reloadEvent(GrailsPluginManagerReloadPlugin.java:42)
	at org.springsource.loaded.TypeRegistry.fireReloadEvent(TypeRegistry.java:1664)
	at org.springsource.loaded.ReloadableType.loadNewVersion(ReloadableType.java:397)
	at org.springsource.loaded.TypeRegistry.loadNewVersion(TypeRegistry.java:828)
	at org.springsource.loaded.agent.ReloadableFileChangeListener.fileChanged(ReloadableFileChangeListener.java:51)
	at org.springsource.loaded.agent.Watcher.determineChangesSince(FileSystemWatcher.java:235)
	at org.springsource.loaded.agent.Watcher.run(FileSystemWatcher.java:219)
	at java.lang.Thread.run(Thread.java:745)
2014-06-17 21:13:32,482 [FileSystemWatcher: files=#210 cl=groovy.lang.GroovyClassLoader@1c14294] ERROR StackTrace  - Full Stack Trace:
BUG! exception in phase 'canonicalization' in source unit 'script14030072122782170405.groovy' unexpected NullpointerException
	at org.codehaus.groovy.control.CompilationUnit.applyToPrimaryClassNodes(CompilationUnit.java:1041)
	at org.codehaus.groovy.control.CompilationUnit.doPhaseOperation(CompilationUnit.java:572)
	at org.codehaus.groovy.control.CompilationUnit.processPhaseOperations(CompilationUnit.java:550)
	at org.codehaus.groovy.control.CompilationUnit.compile(CompilationUnit.java:527)
	at ScaffoldingGrailsPlugin.createScaffoldedInstance(ScaffoldingGrailsPlugin.groovy:183)
	at ScaffoldingGrailsPlugin.configureScaffoldingController(ScaffoldingGrailsPlugin.groovy:138)
	at ScaffoldingGrailsPlugin$_closure3.doCall(ScaffoldingGrailsPlugin.groovy:104)
	at java.lang.Thread.run(Thread.java:745)
Caused by: java.lang.NullPointerException
	at org.codehaus.groovy.vmplugin.v5.Java5.configureClassNode(Java5.java:357)
	at org.codehaus.groovy.control.customizers.ASTTransformationCustomizer.call(ASTTransformationCustomizer.groovy:235)
	at org.codehaus.groovy.control.CompilationUnit.applyToPrimaryClassNodes(CompilationUnit.java:1036)
	... 7 more
2014-06-17 21:13:32,483 [FileSystemWatcher: files=#210 cl=groovy.lang.GroovyClassLoader@1c14294] ERROR StackTrace  - Full Stack Trace:
BUG! exception in phase 'canonicalization' in source unit 'script14030072122782170405.groovy' unexpected NullpointerException
	at org.codehaus.groovy.control.CompilationUnit.applyToPrimaryClassNodes(CompilationUnit.java:1041)
	at org.codehaus.groovy.control.CompilationUnit.doPhaseOperation(CompilationUnit.java:572)
	at org.codehaus.groovy.control.CompilationUnit.processPhaseOperations(CompilationUnit.java:550)
	at org.codehaus.groovy.control.CompilationUnit.compile(CompilationUnit.java:527)
	at ScaffoldingGrailsPlugin.createScaffoldedInstance(ScaffoldingGrailsPlugin.groovy:183)
	at ScaffoldingGrailsPlugin.configureScaffoldingController(ScaffoldingGrailsPlugin.groovy:138)
	at ScaffoldingGrailsPlugin$_closure3.doCall(ScaffoldingGrailsPlugin.groovy:104)
	at java.lang.Thread.run(Thread.java:745)
Caused by: java.lang.NullPointerException
	at org.codehaus.groovy.vmplugin.v5.Java5.configureClassNode(Java5.java:357)
	at org.codehaus.groovy.control.customizers.ASTTransformationCustomizer.call(ASTTransformationCustomizer.groovy:235)
	at org.codehaus.groovy.control.CompilationUnit.applyToPrimaryClassNodes(CompilationUnit.java:1036)
	... 7 more
2014-06-17 21:13:32,483 [FileSystemWatcher: files=#210 cl=groovy.lang.GroovyClassLoader@1c14294] ERROR StackTrace  - Full Stack Trace:
java.lang.NullPointerException
	at org.codehaus.groovy.vmplugin.v5.Java5.configureClassNode(Java5.java:357)
	at org.codehaus.groovy.control.customizers.ASTTransformationCustomizer.call(ASTTransformationCustomizer.groovy:235)
	at org.codehaus.groovy.control.CompilationUnit.applyToPrimaryClassNodes(CompilationUnit.java:1036)
	at org.codehaus.groovy.control.CompilationUnit.doPhaseOperation(CompilationUnit.java:572)
	at org.codehaus.groovy.control.CompilationUnit.processPhaseOperations(CompilationUnit.java:550)
	at org.codehaus.groovy.control.CompilationUnit.compile(CompilationUnit.java:527)
	at ScaffoldingGrailsPlugin.createScaffoldedInstance(ScaffoldingGrailsPlugin.groovy:183)
	at ScaffoldingGrailsPlugin.configureScaffoldingController(ScaffoldingGrailsPlugin.groovy:138)
	at ScaffoldingGrailsPlugin$_closure3.doCall(ScaffoldingGrailsPlugin.groovy:104)
	at java.lang.Thread.run(Thread.java:745)
2014-06-17 21:13:32,483 [FileSystemWatcher: files=#210 cl=groovy.lang.GroovyClassLoader@1c14294] ERROR StackTrace  - Full Stack Trace:
BUG! exception in phase 'canonicalization' in source unit 'script14030072122782170405.groovy' unexpected NullpointerException
	at org.codehaus.groovy.control.CompilationUnit.applyToPrimaryClassNodes(CompilationUnit.java:1041)
	at org.codehaus.groovy.control.CompilationUnit.doPhaseOperation(CompilationUnit.java:572)
	at org.codehaus.groovy.control.CompilationUnit.processPhaseOperations(CompilationUnit.java:550)
	at org.codehaus.groovy.control.CompilationUnit.compile(CompilationUnit.java:527)
	at ScaffoldingGrailsPlugin.createScaffoldedInstance(ScaffoldingGrailsPlugin.groovy:183)
	at ScaffoldingGrailsPlugin.configureScaffoldingController(ScaffoldingGrailsPlugin.groovy:138)
	at ScaffoldingGrailsPlugin$_closure3.doCall(ScaffoldingGrailsPlugin.groovy:104)
	at java.lang.Thread.run(Thread.java:745)
Caused by: java.lang.NullPointerException
	at org.codehaus.groovy.vmplugin.v5.Java5.configureClassNode(Java5.java:357)
	at org.codehaus.groovy.control.customizers.ASTTransformationCustomizer.call(ASTTransformationCustomizer.groovy:235)
	at org.codehaus.groovy.control.CompilationUnit.applyToPrimaryClassNodes(CompilationUnit.java:1036)
	... 7 more
2014-06-17 21:13:47,149 [FileSystemWatcher: files=#210 cl=groovy.lang.GroovyClassLoader@1c14294] ERROR StackTrace  - Full Stack Trace:
BUG! exception in phase 'canonicalization' in source unit 'script14030072269442170405.groovy' unexpected NullpointerException
	at org.codehaus.groovy.control.CompilationUnit.applyToPrimaryClassNodes(CompilationUnit.java:1041)
	at org.codehaus.groovy.control.CompilationUnit.doPhaseOperation(CompilationUnit.java:572)
	at org.codehaus.groovy.control.CompilationUnit.processPhaseOperations(CompilationUnit.java:550)
	at org.codehaus.groovy.control.CompilationUnit.compile(CompilationUnit.java:527)
	at groovy.lang.GroovyClassLoader.doParseClass(GroovyClassLoader.java:279)
	at groovy.lang.GroovyClassLoader.parseClass(GroovyClassLoader.java:258)
	at groovy.lang.GroovyClassLoader.parseClass(GroovyClassLoader.java:244)
	at groovy.lang.GroovyClassLoader.parseClass(GroovyClassLoader.java:202)
	at groovy.lang.GroovyClassLoader.parseClass(GroovyClassLoader.java:212)
	at groovy.lang.GroovyClassLoader$parseClass$0.call(Unknown Source)
	at ScaffoldingGrailsPlugin.createScaffoldedInstance(ScaffoldingGrailsPlugin.groovy:183)
	at ScaffoldingGrailsPlugin.this$2$createScaffoldedInstance(ScaffoldingGrailsPlugin.groovy)
	at ScaffoldingGrailsPlugin$this$2$createScaffoldedInstance$2.callCurrent(Unknown Source)
	at ScaffoldingGrailsPlugin.configureScaffoldingController(ScaffoldingGrailsPlugin.groovy:138)
	at ScaffoldingGrailsPlugin.this$2$configureScaffoldingController(ScaffoldingGrailsPlugin.groovy)
	at sun.reflect.NativeMethodAccessorImpl.invoke0(Native Method)
	at sun.reflect.NativeMethodAccessorImpl.invoke(NativeMethodAccessorImpl.java:57)
	at sun.reflect.DelegatingMethodAccessorImpl.invoke(DelegatingMethodAccessorImpl.java:43)
	at java.lang.reflect.Method.invoke(Method.java:606)
	at org.springsource.loaded.ri.OriginalClassInvoker.invoke(OriginalClassInvoker.java:47)
	at org.springsource.loaded.ri.ReflectiveInterceptor.jlrMethodInvoke(ReflectiveInterceptor.java:1283)
	at org.codehaus.groovy.reflection.CachedMethod.invoke(CachedMethod.java:90)
	at groovy.lang.MetaMethod.doMethodInvoke(MetaMethod.java:233)
	at groovy.lang.MetaClassImpl.invokeMethod(MetaClassImpl.java:1086)
	at groovy.lang.ExpandoMetaClass.invokeMethod(ExpandoMetaClass.java:1110)
	at groovy.lang.MetaClassImpl.invokeMethod(MetaClassImpl.java:910)
	at groovy.lang.MetaClassImpl.invokeMethod(MetaClassImpl.java:1031)
	at groovy.lang.ExpandoMetaClass.invokeMethod(ExpandoMetaClass.java:1110)
	at groovy.lang.MetaClassImpl.invokeMethod(MetaClassImpl.java:910)
	at org.codehaus.groovy.runtime.callsite.PogoMetaClassSite.callCurrent(PogoMetaClassSite.java:66)
	at org.codehaus.groovy.runtime.callsite.AbstractCallSite.callCurrent(AbstractCallSite.java:149)
	at ScaffoldingGrailsPlugin$_closure3.doCall(ScaffoldingGrailsPlugin.groovy:104)
	at sun.reflect.NativeMethodAccessorImpl.invoke0(Native Method)
	at sun.reflect.NativeMethodAccessorImpl.invoke(NativeMethodAccessorImpl.java:57)
	at sun.reflect.DelegatingMethodAccessorImpl.invoke(DelegatingMethodAccessorImpl.java:43)
	at java.lang.reflect.Method.invoke(Method.java:606)
	at org.springsource.loaded.ri.OriginalClassInvoker.invoke(OriginalClassInvoker.java:47)
	at org.springsource.loaded.ri.ReflectiveInterceptor.jlrMethodInvoke(ReflectiveInterceptor.java:1283)
	at org.codehaus.groovy.reflection.CachedMethod.invoke(CachedMethod.java:90)
	at groovy.lang.MetaMethod.doMethodInvoke(MetaMethod.java:233)
	at groovy.lang.MetaClassImpl.invokeMethod(MetaClassImpl.java:1086)
	at groovy.lang.ExpandoMetaClass.invokeMethod(ExpandoMetaClass.java:1110)
	at groovy.lang.MetaClassImpl.invokeMethod(MetaClassImpl.java:910)
	at groovy.lang.Closure.call(Closure.java:411)
	at ScaffoldingGrailsPlugin$_closure3.call(ScaffoldingGrailsPlugin.groovy)
	at org.codehaus.groovy.grails.plugins.DefaultGrailsPlugin.invokeOnChangeListener(DefaultGrailsPlugin.java:767)
	at org.codehaus.groovy.grails.plugins.DefaultGrailsPlugin.notifyOfEvent(DefaultGrailsPlugin.java:716)
	at org.codehaus.groovy.grails.plugins.DefaultGrailsPluginManager.informObservers(DefaultGrailsPluginManager.java:243)
	at org.codehaus.groovy.grails.plugins.DefaultGrailsPlugin.notifyOfEvent(DefaultGrailsPlugin.java:732)
	at org.codehaus.groovy.grails.plugins.AbstractGrailsPluginManager.informOfClassChange(AbstractGrailsPluginManager.java:409)
	at org.codehaus.groovy.grails.compiler.GrailsProjectWatcher$2.run(GrailsProjectWatcher.java:263)
	at org.codehaus.groovy.grails.compiler.GrailsProjectWatcher.firePendingClassChangeEvents(GrailsProjectWatcher.java:124)
	at org.codehaus.groovy.grails.cli.agent.GrailsPluginManagerReloadPlugin.reloadEvent(GrailsPluginManagerReloadPlugin.java:42)
	at org.springsource.loaded.TypeRegistry.fireReloadEvent(TypeRegistry.java:1664)
	at org.springsource.loaded.ReloadableType.loadNewVersion(ReloadableType.java:397)
	at org.springsource.loaded.TypeRegistry.loadNewVersion(TypeRegistry.java:828)
	at org.springsource.loaded.agent.ReloadableFileChangeListener.fileChanged(ReloadableFileChangeListener.java:51)
	at org.springsource.loaded.agent.Watcher.determineChangesSince(FileSystemWatcher.java:235)
	at org.springsource.loaded.agent.Watcher.run(FileSystemWatcher.java:219)
	at java.lang.Thread.run(Thread.java:745)
Caused by: java.lang.NullPointerException
	at org.springsource.loaded.ri.ReflectiveInterceptor.jlrMethodGetParameterAnnotations(ReflectiveInterceptor.java:944)
	at org.codehaus.groovy.vmplugin.v5.Java5.configureClassNode(Java5.java:357)
	at org.codehaus.groovy.ast.ClassNode.lazyClassInit(ClassNode.java:258)
	at org.codehaus.groovy.ast.ClassNode.getUnresolvedSuperClass(ClassNode.java:973)
	at org.codehaus.groovy.ast.ClassNode.getUnresolvedSuperClass(ClassNode.java:968)
	at org.codehaus.groovy.ast.ClassNode.getSuperClass(ClassNode.java:962)
	at org.codehaus.groovy.ast.ClassNode.isDerivedFrom(ClassNode.java:905)
	at org.codehaus.groovy.grails.compiler.web.ControllerActionTransformer.isExceptionHandlingMethod(ControllerActionTransformer.java:213)
	at org.codehaus.groovy.grails.compiler.web.ControllerActionTransformer.methodShouldBeConfiguredAsControllerAction(ControllerActionTransformer.java:279)
	at org.codehaus.groovy.grails.compiler.web.ControllerActionTransformer.processMethods(ControllerActionTransformer.java:224)
	at org.codehaus.groovy.grails.compiler.web.ControllerActionTransformer.performInjectionOnAnnotatedClass(ControllerActionTransformer.java:196)
	at org.codehaus.groovy.grails.compiler.injection.AbstractArtefactTypeAstTransformation.performInjectionOnArtefactType(AbstractArtefactTypeAstTransformation.java:46)
	at org.codehaus.groovy.grails.compiler.injection.NamedArtefactTypeAstTransformation.visit(NamedArtefactTypeAstTransformation.java:41)
	at org.codehaus.groovy.transform.ASTTransformation$visit.call(Unknown Source)
	at org.codehaus.groovy.control.customizers.ASTTransformationCustomizer.call(ASTTransformationCustomizer.groovy:235)
	at org.codehaus.groovy.control.CompilationUnit.applyToPrimaryClassNodes(CompilationUnit.java:1036)
	... 59 more
2014-06-17 21:13:47,151 [FileSystemWatcher: files=#210 cl=groovy.lang.GroovyClassLoader@1c14294] ERROR StackTrace  - Full Stack Trace:
java.lang.NullPointerException
	at org.springsource.loaded.ri.ReflectiveInterceptor.jlrMethodGetParameterAnnotations(ReflectiveInterceptor.java:944)
	at org.codehaus.groovy.vmplugin.v5.Java5.configureClassNode(Java5.java:357)
	at org.codehaus.groovy.ast.ClassNode.lazyClassInit(ClassNode.java:258)
	at org.codehaus.groovy.ast.ClassNode.getUnresolvedSuperClass(ClassNode.java:973)
	at org.codehaus.groovy.ast.ClassNode.getUnresolvedSuperClass(ClassNode.java:968)
	at org.codehaus.groovy.ast.ClassNode.getSuperClass(ClassNode.java:962)
	at org.codehaus.groovy.ast.ClassNode.isDerivedFrom(ClassNode.java:905)
	at org.codehaus.groovy.grails.compiler.web.ControllerActionTransformer.isExceptionHandlingMethod(ControllerActionTransformer.java:213)
	at org.codehaus.groovy.grails.compiler.web.ControllerActionTransformer.methodShouldBeConfiguredAsControllerAction(ControllerActionTransformer.java:279)
	at org.codehaus.groovy.grails.compiler.web.ControllerActionTransformer.processMethods(ControllerActionTransformer.java:224)
	at org.codehaus.groovy.grails.compiler.web.ControllerActionTransformer.performInjectionOnAnnotatedClass(ControllerActionTransformer.java:196)
	at org.codehaus.groovy.grails.compiler.injection.AbstractArtefactTypeAstTransformation.performInjectionOnArtefactType(AbstractArtefactTypeAstTransformation.java:46)
	at org.codehaus.groovy.grails.compiler.injection.NamedArtefactTypeAstTransformation.visit(NamedArtefactTypeAstTransformation.java:41)
	at org.codehaus.groovy.transform.ASTTransformation$visit.call(Unknown Source)
	at org.codehaus.groovy.control.customizers.ASTTransformationCustomizer.call(ASTTransformationCustomizer.groovy:235)
	at org.codehaus.groovy.control.CompilationUnit.applyToPrimaryClassNodes(CompilationUnit.java:1036)
	at org.codehaus.groovy.control.CompilationUnit.doPhaseOperation(CompilationUnit.java:572)
	at org.codehaus.groovy.control.CompilationUnit.processPhaseOperations(CompilationUnit.java:550)
	at org.codehaus.groovy.control.CompilationUnit.compile(CompilationUnit.java:527)
	at groovy.lang.GroovyClassLoader.doParseClass(GroovyClassLoader.java:279)
	at groovy.lang.GroovyClassLoader.parseClass(GroovyClassLoader.java:258)
	at groovy.lang.GroovyClassLoader.parseClass(GroovyClassLoader.java:244)
	at groovy.lang.GroovyClassLoader.parseClass(GroovyClassLoader.java:202)
	at groovy.lang.GroovyClassLoader.parseClass(GroovyClassLoader.java:212)
	at groovy.lang.GroovyClassLoader$parseClass$0.call(Unknown Source)
	at ScaffoldingGrailsPlugin.createScaffoldedInstance(ScaffoldingGrailsPlugin.groovy:183)
	at ScaffoldingGrailsPlugin.this$2$createScaffoldedInstance(ScaffoldingGrailsPlugin.groovy)
	at ScaffoldingGrailsPlugin$this$2$createScaffoldedInstance$2.callCurrent(Unknown Source)
	at ScaffoldingGrailsPlugin.configureScaffoldingController(ScaffoldingGrailsPlugin.groovy:138)
	at ScaffoldingGrailsPlugin.this$2$configureScaffoldingController(ScaffoldingGrailsPlugin.groovy)
	at sun.reflect.NativeMethodAccessorImpl.invoke0(Native Method)
	at sun.reflect.NativeMethodAccessorImpl.invoke(NativeMethodAccessorImpl.java:57)
	at sun.reflect.DelegatingMethodAccessorImpl.invoke(DelegatingMethodAccessorImpl.java:43)
	at java.lang.reflect.Method.invoke(Method.java:606)
	at org.springsource.loaded.ri.OriginalClassInvoker.invoke(OriginalClassInvoker.java:47)
	at org.springsource.loaded.ri.ReflectiveInterceptor.jlrMethodInvoke(ReflectiveInterceptor.java:1283)
	at org.codehaus.groovy.reflection.CachedMethod.invoke(CachedMethod.java:90)
	at groovy.lang.MetaMethod.doMethodInvoke(MetaMethod.java:233)
	at groovy.lang.MetaClassImpl.invokeMethod(MetaClassImpl.java:1086)
	at groovy.lang.ExpandoMetaClass.invokeMethod(ExpandoMetaClass.java:1110)
	at groovy.lang.MetaClassImpl.invokeMethod(MetaClassImpl.java:910)
	at groovy.lang.MetaClassImpl.invokeMethod(MetaClassImpl.java:1031)
	at groovy.lang.ExpandoMetaClass.invokeMethod(ExpandoMetaClass.java:1110)
	at groovy.lang.MetaClassImpl.invokeMethod(MetaClassImpl.java:910)
	at org.codehaus.groovy.runtime.callsite.PogoMetaClassSite.callCurrent(PogoMetaClassSite.java:66)
	at org.codehaus.groovy.runtime.callsite.AbstractCallSite.callCurrent(AbstractCallSite.java:149)
	at ScaffoldingGrailsPlugin$_closure3.doCall(ScaffoldingGrailsPlugin.groovy:104)
	at sun.reflect.NativeMethodAccessorImpl.invoke0(Native Method)
	at sun.reflect.NativeMethodAccessorImpl.invoke(NativeMethodAccessorImpl.java:57)
	at sun.reflect.DelegatingMethodAccessorImpl.invoke(DelegatingMethodAccessorImpl.java:43)
	at java.lang.reflect.Method.invoke(Method.java:606)
	at org.springsource.loaded.ri.OriginalClassInvoker.invoke(OriginalClassInvoker.java:47)
	at org.springsource.loaded.ri.ReflectiveInterceptor.jlrMethodInvoke(ReflectiveInterceptor.java:1283)
	at org.codehaus.groovy.reflection.CachedMethod.invoke(CachedMethod.java:90)
	at groovy.lang.MetaMethod.doMethodInvoke(MetaMethod.java:233)
	at groovy.lang.MetaClassImpl.invokeMethod(MetaClassImpl.java:1086)
	at groovy.lang.ExpandoMetaClass.invokeMethod(ExpandoMetaClass.java:1110)
	at groovy.lang.MetaClassImpl.invokeMethod(MetaClassImpl.java:910)
	at groovy.lang.Closure.call(Closure.java:411)
	at ScaffoldingGrailsPlugin$_closure3.call(ScaffoldingGrailsPlugin.groovy)
	at org.codehaus.groovy.grails.plugins.DefaultGrailsPlugin.invokeOnChangeListener(DefaultGrailsPlugin.java:767)
	at org.codehaus.groovy.grails.plugins.DefaultGrailsPlugin.notifyOfEvent(DefaultGrailsPlugin.java:716)
	at org.codehaus.groovy.grails.plugins.DefaultGrailsPluginManager.informObservers(DefaultGrailsPluginManager.java:243)
	at org.codehaus.groovy.grails.plugins.DefaultGrailsPlugin.notifyOfEvent(DefaultGrailsPlugin.java:732)
	at org.codehaus.groovy.grails.plugins.AbstractGrailsPluginManager.informOfClassChange(AbstractGrailsPluginManager.java:409)
	at org.codehaus.groovy.grails.compiler.GrailsProjectWatcher$2.run(GrailsProjectWatcher.java:263)
	at org.codehaus.groovy.grails.compiler.GrailsProjectWatcher.firePendingClassChangeEvents(GrailsProjectWatcher.java:124)
	at org.codehaus.groovy.grails.cli.agent.GrailsPluginManagerReloadPlugin.reloadEvent(GrailsPluginManagerReloadPlugin.java:42)
	at org.springsource.loaded.TypeRegistry.fireReloadEvent(TypeRegistry.java:1664)
	at org.springsource.loaded.ReloadableType.loadNewVersion(ReloadableType.java:397)
	at org.springsource.loaded.TypeRegistry.loadNewVersion(TypeRegistry.java:828)
	at org.springsource.loaded.agent.ReloadableFileChangeListener.fileChanged(ReloadableFileChangeListener.java:51)
	at org.springsource.loaded.agent.Watcher.determineChangesSince(FileSystemWatcher.java:235)
	at org.springsource.loaded.agent.Watcher.run(FileSystemWatcher.java:219)
	at java.lang.Thread.run(Thread.java:745)
2014-06-17 21:13:47,151 [FileSystemWatcher: files=#210 cl=groovy.lang.GroovyClassLoader@1c14294] ERROR StackTrace  - Full Stack Trace:
BUG! exception in phase 'canonicalization' in source unit 'script14030072269442170405.groovy' unexpected NullpointerException
	at org.codehaus.groovy.control.CompilationUnit.applyToPrimaryClassNodes(CompilationUnit.java:1041)
	at org.codehaus.groovy.control.CompilationUnit.doPhaseOperation(CompilationUnit.java:572)
	at org.codehaus.groovy.control.CompilationUnit.processPhaseOperations(CompilationUnit.java:550)
	at org.codehaus.groovy.control.CompilationUnit.compile(CompilationUnit.java:527)
	at ScaffoldingGrailsPlugin.createScaffoldedInstance(ScaffoldingGrailsPlugin.groovy:183)
	at ScaffoldingGrailsPlugin.configureScaffoldingController(ScaffoldingGrailsPlugin.groovy:138)
	at ScaffoldingGrailsPlugin$_closure3.doCall(ScaffoldingGrailsPlugin.groovy:104)
	at java.lang.Thread.run(Thread.java:745)
Caused by: java.lang.NullPointerException
	at org.codehaus.groovy.vmplugin.v5.Java5.configureClassNode(Java5.java:357)
	at org.codehaus.groovy.control.customizers.ASTTransformationCustomizer.call(ASTTransformationCustomizer.groovy:235)
	at org.codehaus.groovy.control.CompilationUnit.applyToPrimaryClassNodes(CompilationUnit.java:1036)
	... 7 more
2014-06-17 21:13:47,152 [FileSystemWatcher: files=#210 cl=groovy.lang.GroovyClassLoader@1c14294] ERROR StackTrace  - Full Stack Trace:
BUG! exception in phase 'canonicalization' in source unit 'script14030072269442170405.groovy' unexpected NullpointerException
	at org.codehaus.groovy.control.CompilationUnit.applyToPrimaryClassNodes(CompilationUnit.java:1041)
	at org.codehaus.groovy.control.CompilationUnit.doPhaseOperation(CompilationUnit.java:572)
	at org.codehaus.groovy.control.CompilationUnit.processPhaseOperations(CompilationUnit.java:550)
	at org.codehaus.groovy.control.CompilationUnit.compile(CompilationUnit.java:527)
	at ScaffoldingGrailsPlugin.createScaffoldedInstance(ScaffoldingGrailsPlugin.groovy:183)
	at ScaffoldingGrailsPlugin.configureScaffoldingController(ScaffoldingGrailsPlugin.groovy:138)
	at ScaffoldingGrailsPlugin$_closure3.doCall(ScaffoldingGrailsPlugin.groovy:104)
	at java.lang.Thread.run(Thread.java:745)
Caused by: java.lang.NullPointerException
	at org.codehaus.groovy.vmplugin.v5.Java5.configureClassNode(Java5.java:357)
	at org.codehaus.groovy.control.customizers.ASTTransformationCustomizer.call(ASTTransformationCustomizer.groovy:235)
	at org.codehaus.groovy.control.CompilationUnit.applyToPrimaryClassNodes(CompilationUnit.java:1036)
	... 7 more
2014-06-17 21:13:47,152 [FileSystemWatcher: files=#210 cl=groovy.lang.GroovyClassLoader@1c14294] ERROR StackTrace  - Full Stack Trace:
java.lang.NullPointerException
	at org.codehaus.groovy.vmplugin.v5.Java5.configureClassNode(Java5.java:357)
	at org.codehaus.groovy.control.customizers.ASTTransformationCustomizer.call(ASTTransformationCustomizer.groovy:235)
	at org.codehaus.groovy.control.CompilationUnit.applyToPrimaryClassNodes(CompilationUnit.java:1036)
	at org.codehaus.groovy.control.CompilationUnit.doPhaseOperation(CompilationUnit.java:572)
	at org.codehaus.groovy.control.CompilationUnit.processPhaseOperations(CompilationUnit.java:550)
	at org.codehaus.groovy.control.CompilationUnit.compile(CompilationUnit.java:527)
	at ScaffoldingGrailsPlugin.createScaffoldedInstance(ScaffoldingGrailsPlugin.groovy:183)
	at ScaffoldingGrailsPlugin.configureScaffoldingController(ScaffoldingGrailsPlugin.groovy:138)
	at ScaffoldingGrailsPlugin$_closure3.doCall(ScaffoldingGrailsPlugin.groovy:104)
	at java.lang.Thread.run(Thread.java:745)
2014-06-17 21:13:47,152 [FileSystemWatcher: files=#210 cl=groovy.lang.GroovyClassLoader@1c14294] ERROR StackTrace  - Full Stack Trace:
BUG! exception in phase 'canonicalization' in source unit 'script14030072269442170405.groovy' unexpected NullpointerException
	at org.codehaus.groovy.control.CompilationUnit.applyToPrimaryClassNodes(CompilationUnit.java:1041)
	at org.codehaus.groovy.control.CompilationUnit.doPhaseOperation(CompilationUnit.java:572)
	at org.codehaus.groovy.control.CompilationUnit.processPhaseOperations(CompilationUnit.java:550)
	at org.codehaus.groovy.control.CompilationUnit.compile(CompilationUnit.java:527)
	at ScaffoldingGrailsPlugin.createScaffoldedInstance(ScaffoldingGrailsPlugin.groovy:183)
	at ScaffoldingGrailsPlugin.configureScaffoldingController(ScaffoldingGrailsPlugin.groovy:138)
	at ScaffoldingGrailsPlugin$_closure3.doCall(ScaffoldingGrailsPlugin.groovy:104)
	at java.lang.Thread.run(Thread.java:745)
Caused by: java.lang.NullPointerException
	at org.codehaus.groovy.vmplugin.v5.Java5.configureClassNode(Java5.java:357)
	at org.codehaus.groovy.control.customizers.ASTTransformationCustomizer.call(ASTTransformationCustomizer.groovy:235)
	at org.codehaus.groovy.control.CompilationUnit.applyToPrimaryClassNodes(CompilationUnit.java:1036)
	... 7 more
2014-06-17 21:17:03,478 [FileSystemWatcher: files=#210 cl=groovy.lang.GroovyClassLoader@1c14294] ERROR StackTrace  - Full Stack Trace:
BUG! exception in phase 'canonicalization' in source unit 'script14030074232392170405.groovy' unexpected NullpointerException
	at org.codehaus.groovy.control.CompilationUnit.applyToPrimaryClassNodes(CompilationUnit.java:1041)
	at org.codehaus.groovy.control.CompilationUnit.doPhaseOperation(CompilationUnit.java:572)
	at org.codehaus.groovy.control.CompilationUnit.processPhaseOperations(CompilationUnit.java:550)
	at org.codehaus.groovy.control.CompilationUnit.compile(CompilationUnit.java:527)
	at groovy.lang.GroovyClassLoader.doParseClass(GroovyClassLoader.java:279)
	at groovy.lang.GroovyClassLoader.parseClass(GroovyClassLoader.java:258)
	at groovy.lang.GroovyClassLoader.parseClass(GroovyClassLoader.java:244)
	at groovy.lang.GroovyClassLoader.parseClass(GroovyClassLoader.java:202)
	at groovy.lang.GroovyClassLoader.parseClass(GroovyClassLoader.java:212)
	at groovy.lang.GroovyClassLoader$parseClass$0.call(Unknown Source)
	at ScaffoldingGrailsPlugin.createScaffoldedInstance(ScaffoldingGrailsPlugin.groovy:183)
	at ScaffoldingGrailsPlugin.this$2$createScaffoldedInstance(ScaffoldingGrailsPlugin.groovy)
	at ScaffoldingGrailsPlugin$this$2$createScaffoldedInstance$2.callCurrent(Unknown Source)
	at ScaffoldingGrailsPlugin.configureScaffoldingController(ScaffoldingGrailsPlugin.groovy:138)
	at ScaffoldingGrailsPlugin.this$2$configureScaffoldingController(ScaffoldingGrailsPlugin.groovy)
	at ScaffoldingGrailsPlugin$this$2$configureScaffoldingController.callCurrent(Unknown Source)
	at ScaffoldingGrailsPlugin.configureScaffolding(ScaffoldingGrailsPlugin.groovy:113)
	at ScaffoldingGrailsPlugin.this$2$configureScaffolding(ScaffoldingGrailsPlugin.groovy)
	at sun.reflect.NativeMethodAccessorImpl.invoke0(Native Method)
	at sun.reflect.NativeMethodAccessorImpl.invoke(NativeMethodAccessorImpl.java:57)
	at sun.reflect.DelegatingMethodAccessorImpl.invoke(DelegatingMethodAccessorImpl.java:43)
	at java.lang.reflect.Method.invoke(Method.java:606)
	at org.springsource.loaded.ri.OriginalClassInvoker.invoke(OriginalClassInvoker.java:47)
	at org.springsource.loaded.ri.ReflectiveInterceptor.jlrMethodInvoke(ReflectiveInterceptor.java:1283)
	at org.codehaus.groovy.reflection.CachedMethod.invoke(CachedMethod.java:90)
	at groovy.lang.MetaMethod.doMethodInvoke(MetaMethod.java:233)
	at groovy.lang.MetaClassImpl.invokeMethod(MetaClassImpl.java:1086)
	at groovy.lang.ExpandoMetaClass.invokeMethod(ExpandoMetaClass.java:1110)
	at groovy.lang.MetaClassImpl.invokeMethod(MetaClassImpl.java:910)
	at groovy.lang.MetaClassImpl.invokeMethod(MetaClassImpl.java:1031)
	at groovy.lang.ExpandoMetaClass.invokeMethod(ExpandoMetaClass.java:1110)
	at groovy.lang.MetaClassImpl.invokeMethod(MetaClassImpl.java:910)
	at org.codehaus.groovy.runtime.callsite.PogoMetaClassSite.callCurrent(PogoMetaClassSite.java:66)
	at org.codehaus.groovy.runtime.callsite.AbstractCallSite.callCurrent(AbstractCallSite.java:145)
	at ScaffoldingGrailsPlugin$_closure3.doCall(ScaffoldingGrailsPlugin.groovy:107)
	at sun.reflect.NativeMethodAccessorImpl.invoke0(Native Method)
	at sun.reflect.NativeMethodAccessorImpl.invoke(NativeMethodAccessorImpl.java:57)
	at sun.reflect.DelegatingMethodAccessorImpl.invoke(DelegatingMethodAccessorImpl.java:43)
	at java.lang.reflect.Method.invoke(Method.java:606)
	at org.springsource.loaded.ri.OriginalClassInvoker.invoke(OriginalClassInvoker.java:47)
	at org.springsource.loaded.ri.ReflectiveInterceptor.jlrMethodInvoke(ReflectiveInterceptor.java:1283)
	at org.codehaus.groovy.reflection.CachedMethod.invoke(CachedMethod.java:90)
	at groovy.lang.MetaMethod.doMethodInvoke(MetaMethod.java:233)
	at groovy.lang.MetaClassImpl.invokeMethod(MetaClassImpl.java:1086)
	at groovy.lang.ExpandoMetaClass.invokeMethod(ExpandoMetaClass.java:1110)
	at groovy.lang.MetaClassImpl.invokeMethod(MetaClassImpl.java:910)
	at groovy.lang.Closure.call(Closure.java:411)
	at ScaffoldingGrailsPlugin$_closure3.call(ScaffoldingGrailsPlugin.groovy)
	at org.codehaus.groovy.grails.plugins.DefaultGrailsPlugin.invokeOnChangeListener(DefaultGrailsPlugin.java:767)
	at org.codehaus.groovy.grails.plugins.DefaultGrailsPlugin.notifyOfEvent(DefaultGrailsPlugin.java:716)
	at org.codehaus.groovy.grails.plugins.DefaultGrailsPluginManager.informObservers(DefaultGrailsPluginManager.java:243)
	at org.codehaus.groovy.grails.plugins.DefaultGrailsPlugin.notifyOfEvent(DefaultGrailsPlugin.java:732)
	at org.codehaus.groovy.grails.plugins.AbstractGrailsPluginManager.informOfClassChange(AbstractGrailsPluginManager.java:409)
	at org.codehaus.groovy.grails.compiler.GrailsProjectWatcher$2.run(GrailsProjectWatcher.java:263)
	at org.codehaus.groovy.grails.compiler.GrailsProjectWatcher.firePendingClassChangeEvents(GrailsProjectWatcher.java:124)
	at org.codehaus.groovy.grails.cli.agent.GrailsPluginManagerReloadPlugin.reloadEvent(GrailsPluginManagerReloadPlugin.java:42)
	at org.springsource.loaded.TypeRegistry.fireReloadEvent(TypeRegistry.java:1664)
	at org.springsource.loaded.ReloadableType.loadNewVersion(ReloadableType.java:397)
	at org.springsource.loaded.TypeRegistry.loadNewVersion(TypeRegistry.java:828)
	at org.springsource.loaded.agent.ReloadableFileChangeListener.fileChanged(ReloadableFileChangeListener.java:51)
	at org.springsource.loaded.agent.Watcher.determineChangesSince(FileSystemWatcher.java:235)
	at org.springsource.loaded.agent.Watcher.run(FileSystemWatcher.java:219)
	at java.lang.Thread.run(Thread.java:745)
Caused by: java.lang.NullPointerException
	at org.springsource.loaded.ri.ReflectiveInterceptor.jlrMethodGetParameterAnnotations(ReflectiveInterceptor.java:944)
	at org.codehaus.groovy.vmplugin.v5.Java5.configureClassNode(Java5.java:357)
	at org.codehaus.groovy.ast.ClassNode.lazyClassInit(ClassNode.java:258)
	at org.codehaus.groovy.ast.ClassNode.getUnresolvedSuperClass(ClassNode.java:973)
	at org.codehaus.groovy.ast.ClassNode.getUnresolvedSuperClass(ClassNode.java:968)
	at org.codehaus.groovy.ast.ClassNode.getSuperClass(ClassNode.java:962)
	at org.codehaus.groovy.ast.ClassNode.isDerivedFrom(ClassNode.java:905)
	at org.codehaus.groovy.grails.compiler.web.ControllerActionTransformer.isExceptionHandlingMethod(ControllerActionTransformer.java:213)
	at org.codehaus.groovy.grails.compiler.web.ControllerActionTransformer.methodShouldBeConfiguredAsControllerAction(ControllerActionTransformer.java:279)
	at org.codehaus.groovy.grails.compiler.web.ControllerActionTransformer.processMethods(ControllerActionTransformer.java:224)
	at org.codehaus.groovy.grails.compiler.web.ControllerActionTransformer.performInjectionOnAnnotatedClass(ControllerActionTransformer.java:196)
	at org.codehaus.groovy.grails.compiler.injection.AbstractArtefactTypeAstTransformation.performInjectionOnArtefactType(AbstractArtefactTypeAstTransformation.java:46)
	at org.codehaus.groovy.grails.compiler.injection.NamedArtefactTypeAstTransformation.visit(NamedArtefactTypeAstTransformation.java:41)
	at org.codehaus.groovy.transform.ASTTransformation$visit.call(Unknown Source)
	at org.codehaus.groovy.control.customizers.ASTTransformationCustomizer.call(ASTTransformationCustomizer.groovy:235)
	at org.codehaus.groovy.control.CompilationUnit.applyToPrimaryClassNodes(CompilationUnit.java:1036)
	... 62 more
2014-06-17 21:17:03,480 [FileSystemWatcher: files=#210 cl=groovy.lang.GroovyClassLoader@1c14294] ERROR StackTrace  - Full Stack Trace:
java.lang.NullPointerException
	at org.springsource.loaded.ri.ReflectiveInterceptor.jlrMethodGetParameterAnnotations(ReflectiveInterceptor.java:944)
	at org.codehaus.groovy.vmplugin.v5.Java5.configureClassNode(Java5.java:357)
	at org.codehaus.groovy.ast.ClassNode.lazyClassInit(ClassNode.java:258)
	at org.codehaus.groovy.ast.ClassNode.getUnresolvedSuperClass(ClassNode.java:973)
	at org.codehaus.groovy.ast.ClassNode.getUnresolvedSuperClass(ClassNode.java:968)
	at org.codehaus.groovy.ast.ClassNode.getSuperClass(ClassNode.java:962)
	at org.codehaus.groovy.ast.ClassNode.isDerivedFrom(ClassNode.java:905)
	at org.codehaus.groovy.grails.compiler.web.ControllerActionTransformer.isExceptionHandlingMethod(ControllerActionTransformer.java:213)
	at org.codehaus.groovy.grails.compiler.web.ControllerActionTransformer.methodShouldBeConfiguredAsControllerAction(ControllerActionTransformer.java:279)
	at org.codehaus.groovy.grails.compiler.web.ControllerActionTransformer.processMethods(ControllerActionTransformer.java:224)
	at org.codehaus.groovy.grails.compiler.web.ControllerActionTransformer.performInjectionOnAnnotatedClass(ControllerActionTransformer.java:196)
	at org.codehaus.groovy.grails.compiler.injection.AbstractArtefactTypeAstTransformation.performInjectionOnArtefactType(AbstractArtefactTypeAstTransformation.java:46)
	at org.codehaus.groovy.grails.compiler.injection.NamedArtefactTypeAstTransformation.visit(NamedArtefactTypeAstTransformation.java:41)
	at org.codehaus.groovy.transform.ASTTransformation$visit.call(Unknown Source)
	at org.codehaus.groovy.control.customizers.ASTTransformationCustomizer.call(ASTTransformationCustomizer.groovy:235)
	at org.codehaus.groovy.control.CompilationUnit.applyToPrimaryClassNodes(CompilationUnit.java:1036)
	at org.codehaus.groovy.control.CompilationUnit.doPhaseOperation(CompilationUnit.java:572)
	at org.codehaus.groovy.control.CompilationUnit.processPhaseOperations(CompilationUnit.java:550)
	at org.codehaus.groovy.control.CompilationUnit.compile(CompilationUnit.java:527)
	at groovy.lang.GroovyClassLoader.doParseClass(GroovyClassLoader.java:279)
	at groovy.lang.GroovyClassLoader.parseClass(GroovyClassLoader.java:258)
	at groovy.lang.GroovyClassLoader.parseClass(GroovyClassLoader.java:244)
	at groovy.lang.GroovyClassLoader.parseClass(GroovyClassLoader.java:202)
	at groovy.lang.GroovyClassLoader.parseClass(GroovyClassLoader.java:212)
	at groovy.lang.GroovyClassLoader$parseClass$0.call(Unknown Source)
	at ScaffoldingGrailsPlugin.createScaffoldedInstance(ScaffoldingGrailsPlugin.groovy:183)
	at ScaffoldingGrailsPlugin.this$2$createScaffoldedInstance(ScaffoldingGrailsPlugin.groovy)
	at ScaffoldingGrailsPlugin$this$2$createScaffoldedInstance$2.callCurrent(Unknown Source)
	at ScaffoldingGrailsPlugin.configureScaffoldingController(ScaffoldingGrailsPlugin.groovy:138)
	at ScaffoldingGrailsPlugin.this$2$configureScaffoldingController(ScaffoldingGrailsPlugin.groovy)
	at ScaffoldingGrailsPlugin$this$2$configureScaffoldingController.callCurrent(Unknown Source)
	at ScaffoldingGrailsPlugin.configureScaffolding(ScaffoldingGrailsPlugin.groovy:113)
	at ScaffoldingGrailsPlugin.this$2$configureScaffolding(ScaffoldingGrailsPlugin.groovy)
	at sun.reflect.NativeMethodAccessorImpl.invoke0(Native Method)
	at sun.reflect.NativeMethodAccessorImpl.invoke(NativeMethodAccessorImpl.java:57)
	at sun.reflect.DelegatingMethodAccessorImpl.invoke(DelegatingMethodAccessorImpl.java:43)
	at java.lang.reflect.Method.invoke(Method.java:606)
	at org.springsource.loaded.ri.OriginalClassInvoker.invoke(OriginalClassInvoker.java:47)
	at org.springsource.loaded.ri.ReflectiveInterceptor.jlrMethodInvoke(ReflectiveInterceptor.java:1283)
	at org.codehaus.groovy.reflection.CachedMethod.invoke(CachedMethod.java:90)
	at groovy.lang.MetaMethod.doMethodInvoke(MetaMethod.java:233)
	at groovy.lang.MetaClassImpl.invokeMethod(MetaClassImpl.java:1086)
	at groovy.lang.ExpandoMetaClass.invokeMethod(ExpandoMetaClass.java:1110)
	at groovy.lang.MetaClassImpl.invokeMethod(MetaClassImpl.java:910)
	at groovy.lang.MetaClassImpl.invokeMethod(MetaClassImpl.java:1031)
	at groovy.lang.ExpandoMetaClass.invokeMethod(ExpandoMetaClass.java:1110)
	at groovy.lang.MetaClassImpl.invokeMethod(MetaClassImpl.java:910)
	at org.codehaus.groovy.runtime.callsite.PogoMetaClassSite.callCurrent(PogoMetaClassSite.java:66)
	at org.codehaus.groovy.runtime.callsite.AbstractCallSite.callCurrent(AbstractCallSite.java:145)
	at ScaffoldingGrailsPlugin$_closure3.doCall(ScaffoldingGrailsPlugin.groovy:107)
	at sun.reflect.NativeMethodAccessorImpl.invoke0(Native Method)
	at sun.reflect.NativeMethodAccessorImpl.invoke(NativeMethodAccessorImpl.java:57)
	at sun.reflect.DelegatingMethodAccessorImpl.invoke(DelegatingMethodAccessorImpl.java:43)
	at java.lang.reflect.Method.invoke(Method.java:606)
	at org.springsource.loaded.ri.OriginalClassInvoker.invoke(OriginalClassInvoker.java:47)
	at org.springsource.loaded.ri.ReflectiveInterceptor.jlrMethodInvoke(ReflectiveInterceptor.java:1283)
	at org.codehaus.groovy.reflection.CachedMethod.invoke(CachedMethod.java:90)
	at groovy.lang.MetaMethod.doMethodInvoke(MetaMethod.java:233)
	at groovy.lang.MetaClassImpl.invokeMethod(MetaClassImpl.java:1086)
	at groovy.lang.ExpandoMetaClass.invokeMethod(ExpandoMetaClass.java:1110)
	at groovy.lang.MetaClassImpl.invokeMethod(MetaClassImpl.java:910)
	at groovy.lang.Closure.call(Closure.java:411)
	at ScaffoldingGrailsPlugin$_closure3.call(ScaffoldingGrailsPlugin.groovy)
	at org.codehaus.groovy.grails.plugins.DefaultGrailsPlugin.invokeOnChangeListener(DefaultGrailsPlugin.java:767)
	at org.codehaus.groovy.grails.plugins.DefaultGrailsPlugin.notifyOfEvent(DefaultGrailsPlugin.java:716)
	at org.codehaus.groovy.grails.plugins.DefaultGrailsPluginManager.informObservers(DefaultGrailsPluginManager.java:243)
	at org.codehaus.groovy.grails.plugins.DefaultGrailsPlugin.notifyOfEvent(DefaultGrailsPlugin.java:732)
	at org.codehaus.groovy.grails.plugins.AbstractGrailsPluginManager.informOfClassChange(AbstractGrailsPluginManager.java:409)
	at org.codehaus.groovy.grails.compiler.GrailsProjectWatcher$2.run(GrailsProjectWatcher.java:263)
	at org.codehaus.groovy.grails.compiler.GrailsProjectWatcher.firePendingClassChangeEvents(GrailsProjectWatcher.java:124)
	at org.codehaus.groovy.grails.cli.agent.GrailsPluginManagerReloadPlugin.reloadEvent(GrailsPluginManagerReloadPlugin.java:42)
	at org.springsource.loaded.TypeRegistry.fireReloadEvent(TypeRegistry.java:1664)
	at org.springsource.loaded.ReloadableType.loadNewVersion(ReloadableType.java:397)
	at org.springsource.loaded.TypeRegistry.loadNewVersion(TypeRegistry.java:828)
	at org.springsource.loaded.agent.ReloadableFileChangeListener.fileChanged(ReloadableFileChangeListener.java:51)
	at org.springsource.loaded.agent.Watcher.determineChangesSince(FileSystemWatcher.java:235)
	at org.springsource.loaded.agent.Watcher.run(FileSystemWatcher.java:219)
	at java.lang.Thread.run(Thread.java:745)
2014-06-17 21:17:03,480 [FileSystemWatcher: files=#210 cl=groovy.lang.GroovyClassLoader@1c14294] ERROR StackTrace  - Full Stack Trace:
BUG! exception in phase 'canonicalization' in source unit 'script14030074232392170405.groovy' unexpected NullpointerException
	at org.codehaus.groovy.control.CompilationUnit.applyToPrimaryClassNodes(CompilationUnit.java:1041)
	at org.codehaus.groovy.control.CompilationUnit.doPhaseOperation(CompilationUnit.java:572)
	at org.codehaus.groovy.control.CompilationUnit.processPhaseOperations(CompilationUnit.java:550)
	at org.codehaus.groovy.control.CompilationUnit.compile(CompilationUnit.java:527)
	at ScaffoldingGrailsPlugin.createScaffoldedInstance(ScaffoldingGrailsPlugin.groovy:183)
	at ScaffoldingGrailsPlugin.configureScaffoldingController(ScaffoldingGrailsPlugin.groovy:138)
	at ScaffoldingGrailsPlugin.configureScaffolding(ScaffoldingGrailsPlugin.groovy:113)
	at ScaffoldingGrailsPlugin$_closure3.doCall(ScaffoldingGrailsPlugin.groovy:107)
	at java.lang.Thread.run(Thread.java:745)
Caused by: java.lang.NullPointerException
	at org.codehaus.groovy.vmplugin.v5.Java5.configureClassNode(Java5.java:357)
	at org.codehaus.groovy.control.customizers.ASTTransformationCustomizer.call(ASTTransformationCustomizer.groovy:235)
	at org.codehaus.groovy.control.CompilationUnit.applyToPrimaryClassNodes(CompilationUnit.java:1036)
	... 8 more
2014-06-17 21:17:03,481 [FileSystemWatcher: files=#210 cl=groovy.lang.GroovyClassLoader@1c14294] ERROR StackTrace  - Full Stack Trace:
BUG! exception in phase 'canonicalization' in source unit 'script14030074232392170405.groovy' unexpected NullpointerException
	at org.codehaus.groovy.control.CompilationUnit.applyToPrimaryClassNodes(CompilationUnit.java:1041)
	at org.codehaus.groovy.control.CompilationUnit.doPhaseOperation(CompilationUnit.java:572)
	at org.codehaus.groovy.control.CompilationUnit.processPhaseOperations(CompilationUnit.java:550)
	at org.codehaus.groovy.control.CompilationUnit.compile(CompilationUnit.java:527)
	at ScaffoldingGrailsPlugin.createScaffoldedInstance(ScaffoldingGrailsPlugin.groovy:183)
	at ScaffoldingGrailsPlugin.configureScaffoldingController(ScaffoldingGrailsPlugin.groovy:138)
	at ScaffoldingGrailsPlugin.configureScaffolding(ScaffoldingGrailsPlugin.groovy:113)
	at ScaffoldingGrailsPlugin$_closure3.doCall(ScaffoldingGrailsPlugin.groovy:107)
	at java.lang.Thread.run(Thread.java:745)
Caused by: java.lang.NullPointerException
	at org.codehaus.groovy.vmplugin.v5.Java5.configureClassNode(Java5.java:357)
	at org.codehaus.groovy.control.customizers.ASTTransformationCustomizer.call(ASTTransformationCustomizer.groovy:235)
	at org.codehaus.groovy.control.CompilationUnit.applyToPrimaryClassNodes(CompilationUnit.java:1036)
	... 8 more
2014-06-17 21:17:03,481 [FileSystemWatcher: files=#210 cl=groovy.lang.GroovyClassLoader@1c14294] ERROR StackTrace  - Full Stack Trace:
java.lang.NullPointerException
	at org.codehaus.groovy.vmplugin.v5.Java5.configureClassNode(Java5.java:357)
	at org.codehaus.groovy.control.customizers.ASTTransformationCustomizer.call(ASTTransformationCustomizer.groovy:235)
	at org.codehaus.groovy.control.CompilationUnit.applyToPrimaryClassNodes(CompilationUnit.java:1036)
	at org.codehaus.groovy.control.CompilationUnit.doPhaseOperation(CompilationUnit.java:572)
	at org.codehaus.groovy.control.CompilationUnit.processPhaseOperations(CompilationUnit.java:550)
	at org.codehaus.groovy.control.CompilationUnit.compile(CompilationUnit.java:527)
	at ScaffoldingGrailsPlugin.createScaffoldedInstance(ScaffoldingGrailsPlugin.groovy:183)
	at ScaffoldingGrailsPlugin.configureScaffoldingController(ScaffoldingGrailsPlugin.groovy:138)
	at ScaffoldingGrailsPlugin.configureScaffolding(ScaffoldingGrailsPlugin.groovy:113)
	at ScaffoldingGrailsPlugin$_closure3.doCall(ScaffoldingGrailsPlugin.groovy:107)
	at java.lang.Thread.run(Thread.java:745)
2014-06-17 21:17:03,481 [FileSystemWatcher: files=#210 cl=groovy.lang.GroovyClassLoader@1c14294] ERROR StackTrace  - Full Stack Trace:
BUG! exception in phase 'canonicalization' in source unit 'script14030074232392170405.groovy' unexpected NullpointerException
	at org.codehaus.groovy.control.CompilationUnit.applyToPrimaryClassNodes(CompilationUnit.java:1041)
	at org.codehaus.groovy.control.CompilationUnit.doPhaseOperation(CompilationUnit.java:572)
	at org.codehaus.groovy.control.CompilationUnit.processPhaseOperations(CompilationUnit.java:550)
	at org.codehaus.groovy.control.CompilationUnit.compile(CompilationUnit.java:527)
	at ScaffoldingGrailsPlugin.createScaffoldedInstance(ScaffoldingGrailsPlugin.groovy:183)
	at ScaffoldingGrailsPlugin.configureScaffoldingController(ScaffoldingGrailsPlugin.groovy:138)
	at ScaffoldingGrailsPlugin.configureScaffolding(ScaffoldingGrailsPlugin.groovy:113)
	at ScaffoldingGrailsPlugin$_closure3.doCall(ScaffoldingGrailsPlugin.groovy:107)
	at java.lang.Thread.run(Thread.java:745)
Caused by: java.lang.NullPointerException
	at org.codehaus.groovy.vmplugin.v5.Java5.configureClassNode(Java5.java:357)
	at org.codehaus.groovy.control.customizers.ASTTransformationCustomizer.call(ASTTransformationCustomizer.groovy:235)
	at org.codehaus.groovy.control.CompilationUnit.applyToPrimaryClassNodes(CompilationUnit.java:1036)
	... 8 more
